2020-12-07 23:04:20.166  INFO 14552 --- [main] com.didispace.Application                : No active profile set, falling back to default profiles: default
2020-12-07 23:04:20.175  INFO 14552 --- [main] ationConfigEmbeddedWebApplicationContext : Refreshing org.springframework.boot.context.embedded.AnnotationConfigEmbeddedWebApplicationContext@600b90df: startup date [Mon Dec 07 23:04:20 CST 2020]; parent: org.springframework.context.annotation.AnnotationConfigApplicationContext@1b1473ab
2020-12-07 23:04:20.562  INFO 14552 --- [main] o.s.cloud.context.scope.GenericScope     : BeanFactory id=6bac0507-68ea-36b6-adfc-3d5a14810ad1
2020-12-07 23:04:20.572  INFO 14552 --- [main] f.a.AutowiredAnnotationBeanPostProcessor : JSR-330 'javax.inject.Inject' annotation found and supported for autowiring
2020-12-07 23:04:20.613  INFO 14552 --- [main] trationDelegate$BeanPostProcessorChecker : Bean 'org.springframework.cloud.autoconfigure.ConfigurationPropertiesRebinderAutoConfiguration' of type [org.springframework.cloud.autoconfigure.ConfigurationPropertiesRebinderAutoConfiguration$$EnhancerBySpringCGLIB$$1583c6a6] is not eligible for getting processed by all BeanPostProcessors (for example: not eligible for auto-proxying)
2020-12-07 23:04:20.812  INFO 14552 --- [main] s.b.c.e.t.TomcatEmbeddedServletContainer : Tomcat initialized with port(s): 2001 (http)
2020-12-07 23:04:20.818  INFO 14552 --- [main] o.apache.catalina.core.StandardService   : Starting service [Tomcat]
2020-12-07 23:04:20.818  INFO 14552 --- [main] org.apache.catalina.core.StandardEngine  : Starting Servlet Engine: Apache Tomcat/8.5.15
2020-12-07 23:04:20.921  INFO 14552 --- [localhost-startStop-1] o.a.c.c.C.[Tomcat].[localhost].[/]       : Initializing Spring embedded WebApplicationContext
2020-12-07 23:04:20.922  INFO 14552 --- [localhost-startStop-1] o.s.web.context.ContextLoader            : Root WebApplicationContext: initialization completed in 746 ms
2020-12-07 23:04:21.035  INFO 14552 --- [localhost-startStop-1] o.s.b.w.servlet.ServletRegistrationBean  : Mapping servlet: 'dispatcherServlet' to [/]
2020-12-07 23:04:21.038  INFO 14552 --- [localhost-startStop-1] o.s.b.w.servlet.FilterRegistrationBean   : Mapping filter: 'characterEncodingFilter' to: [/*]
2020-12-07 23:04:21.038  INFO 14552 --- [localhost-startStop-1] o.s.b.w.servlet.FilterRegistrationBean   : Mapping filter: 'hiddenHttpMethodFilter' to: [/*]
2020-12-07 23:04:21.038  INFO 14552 --- [localhost-startStop-1] o.s.b.w.servlet.FilterRegistrationBean   : Mapping filter: 'httpPutFormContentFilter' to: [/*]
2020-12-07 23:04:21.038  INFO 14552 --- [localhost-startStop-1] o.s.b.w.servlet.FilterRegistrationBean   : Mapping filter: 'requestContextFilter' to: [/*]
2020-12-07 23:04:21.830  INFO 14552 --- [main] s.w.s.m.m.a.RequestMappingHandlerAdapter : Looking for @ControllerAdvice: org.springframework.boot.context.embedded.AnnotationConfigEmbeddedWebApplicationContext@600b90df: startup date [Mon Dec 07 23:04:20 CST 2020]; parent: org.springframework.context.annotation.AnnotationConfigApplicationContext@1b1473ab
2020-12-07 23:04:21.865  INFO 14552 --- [main] s.w.s.m.m.a.RequestMappingHandlerMapping : Mapped "{[/dc],methods=[GET]}" onto public java.lang.String com.didispace.DcController.dc()
2020-12-07 23:04:21.868  INFO 14552 --- [main] s.w.s.m.m.a.RequestMappingHandlerMapping : Mapped "{[/error]}" onto public org.springframework.http.ResponseEntity<java.util.Map<java.lang.String, java.lang.Object>> org.springframework.boot.autoconfigure.web.BasicErrorController.error(javax.servlet.http.HttpServletRequest)
2020-12-07 23:04:21.868  INFO 14552 --- [main] s.w.s.m.m.a.RequestMappingHandlerMapping : Mapped "{[/error],produces=[text/html]}" onto public org.springframework.web.servlet.ModelAndView org.springframework.boot.autoconfigure.web.BasicErrorController.errorHtml(javax.servlet.http.HttpServletRequest,javax.servlet.http.HttpServletResponse)
2020-12-07 23:04:21.885  INFO 14552 --- [main] o.s.w.s.handler.SimpleUrlHandlerMapping  : Mapped URL path [/webjars/**] onto handler of type [class org.springframework.web.servlet.resource.ResourceHttpRequestHandler]
2020-12-07 23:04:21.885  INFO 14552 --- [main] o.s.w.s.handler.SimpleUrlHandlerMapping  : Mapped URL path [/**] onto handler of type [class org.springframework.web.servlet.resource.ResourceHttpRequestHandler]
2020-12-07 23:04:21.909  INFO 14552 --- [main] o.s.w.s.handler.SimpleUrlHandlerMapping  : Mapped URL path [/**/favicon.ico] onto handler of type [class org.springframework.web.servlet.resource.ResourceHttpRequestHandler]
2020-12-07 23:04:22.099  WARN 14552 --- [main] c.n.c.sources.URLConfigurationSource     : No URLs will be polled as dynamic configuration sources.
2020-12-07 23:04:22.100  INFO 14552 --- [main] c.n.c.sources.URLConfigurationSource     : To enable URLs as dynamic configuration sources, define System property archaius.configurationSource.additionalUrls or make config.properties available on classpath.
2020-12-07 23:04:22.103  WARN 14552 --- [main] c.n.c.sources.URLConfigurationSource     : No URLs will be polled as dynamic configuration sources.
2020-12-07 23:04:22.103  INFO 14552 --- [main] c.n.c.sources.URLConfigurationSource     : To enable URLs as dynamic configuration sources, define System property archaius.configurationSource.additionalUrls or make config.properties available on classpath.
2020-12-07 23:04:22.142  INFO 14552 --- [main] o.s.j.e.a.AnnotationMBeanExporter        : Registering beans for JMX exposure on startup
2020-12-07 23:04:22.148  INFO 14552 --- [main] o.s.j.e.a.AnnotationMBeanExporter        : Bean with name 'environmentManager' has been autodetected for JMX exposure
2020-12-07 23:04:22.149  INFO 14552 --- [main] o.s.j.e.a.AnnotationMBeanExporter        : Bean with name 'configurationPropertiesRebinder' has been autodetected for JMX exposure
2020-12-07 23:04:22.149  INFO 14552 --- [main] o.s.j.e.a.AnnotationMBeanExporter        : Bean with name 'refreshScope' has been autodetected for JMX exposure
2020-12-07 23:04:22.151  INFO 14552 --- [main] o.s.j.e.a.AnnotationMBeanExporter        : Located managed bean 'environmentManager': registering with JMX server as MBean [org.springframework.cloud.context.environment:name=environmentManager,type=EnvironmentManager]
2020-12-07 23:04:22.159  INFO 14552 --- [main] o.s.j.e.a.AnnotationMBeanExporter        : Located managed bean 'refreshScope': registering with JMX server as MBean [org.springframework.cloud.context.scope.refresh:name=refreshScope,type=RefreshScope]
2020-12-07 23:04:22.165  INFO 14552 --- [main] o.s.j.e.a.AnnotationMBeanExporter        : Located managed bean 'configurationPropertiesRebinder': registering with JMX server as MBean [org.springframework.cloud.context.properties:name=configurationPropertiesRebinder,context=600b90df,type=ConfigurationPropertiesRebinder]
2020-12-07 23:04:22.233  INFO 14552 --- [main] o.s.c.support.DefaultLifecycleProcessor  : Starting beans in phase 0
2020-12-07 23:04:22.238  INFO 14552 --- [main] o.s.c.n.eureka.InstanceInfoFactory       : Setting initial instance status as: STARTING
2020-12-07 23:04:22.266  INFO 14552 --- [main] com.netflix.discovery.DiscoveryClient    : Initializing Eureka in region us-east-1
2020-12-07 23:04:22.842  INFO 14552 --- [main] c.n.d.provider.DiscoveryJerseyProvider   : Using JSON encoding codec LegacyJacksonJson
2020-12-07 23:04:22.842  INFO 14552 --- [main] c.n.d.provider.DiscoveryJerseyProvider   : Using JSON decoding codec LegacyJacksonJson
2020-12-07 23:04:22.902  INFO 14552 --- [main] c.n.d.provider.DiscoveryJerseyProvider   : Using XML encoding codec XStreamXml
2020-12-07 23:04:22.902  INFO 14552 --- [main] c.n.d.provider.DiscoveryJerseyProvider   : Using XML decoding codec XStreamXml
2020-12-07 23:04:23.015  INFO 14552 --- [main] c.n.d.s.r.aws.ConfigClusterResolver      : Resolving eureka endpoints via configuration
2020-12-07 23:04:23.378  INFO 14552 --- [main] com.netflix.discovery.DiscoveryClient    : Disable delta property : false
2020-12-07 23:04:23.378  INFO 14552 --- [main] com.netflix.discovery.DiscoveryClient    : Single vip registry refresh property : null
2020-12-07 23:04:23.378  INFO 14552 --- [main] com.netflix.discovery.DiscoveryClient    : Force full registry fetch : false
2020-12-07 23:04:23.378  INFO 14552 --- [main] com.netflix.discovery.DiscoveryClient    : Application is null : false
2020-12-07 23:04:23.378  INFO 14552 --- [main] com.netflix.discovery.DiscoveryClient    : Registered Applications size is zero : true
2020-12-07 23:04:23.378  INFO 14552 --- [main] com.netflix.discovery.DiscoveryClient    : Application version is -1: true
2020-12-07 23:04:23.378  INFO 14552 --- [main] com.netflix.discovery.DiscoveryClient    : Getting all instance registry info from the eureka server
2020-12-07 23:04:23.569  INFO 14552 --- [main] com.netflix.discovery.DiscoveryClient    : The response status is 200
2020-12-07 23:04:23.569  INFO 14552 --- [main] com.netflix.discovery.DiscoveryClient    : Starting heartbeat executor: renew interval is: 30
2020-12-07 23:04:23.570  INFO 14552 --- [main] c.n.discovery.InstanceInfoReplicator     : InstanceInfoReplicator onDemand update allowed rate per min is 4
2020-12-07 23:04:23.573  INFO 14552 --- [main] com.netflix.discovery.DiscoveryClient    : Discovery Client initialized at timestamp 1607353463573 with initial instances count: 0
2020-12-07 23:04:23.584  INFO 14552 --- [main] o.s.c.n.e.s.EurekaServiceRegistry        : Registering application eureka-client with eureka with status UP
2020-12-07 23:04:23.584  INFO 14552 --- [main] com.netflix.discovery.DiscoveryClient    : Saw local status change event StatusChangeEvent [timestamp=1607353463584, current=UP, previous=STARTING]
2020-12-07 23:04:23.585  INFO 14552 --- [DiscoveryClient-InstanceInfoReplicator-0] com.netflix.discovery.DiscoveryClient    : DiscoveryClient_EUREKA-CLIENT/DESKTOP-7Q78BMG:eureka-client:2001: registering service...
2020-12-07 23:04:23.606 ERROR 14552 --- [main] o.a.coyote.http11.Http11NioProtocol      : Failed to start end point associated with ProtocolHandler ["http-nio-2001"]

java.net.BindException: Address already in use: bind
	at sun.nio.ch.Net.bind0(Native Method) ~[na:1.8.0_221]
	at sun.nio.ch.Net.bind(Net.java:433) ~[na:1.8.0_221]
	at sun.nio.ch.Net.bind(Net.java:425) ~[na:1.8.0_221]
	at sun.nio.ch.ServerSocketChannelImpl.bind(ServerSocketChannelImpl.java:223) ~[na:1.8.0_221]
	at sun.nio.ch.ServerSocketAdaptor.bind(ServerSocketAdaptor.java:74) ~[na:1.8.0_221]
	at org.apache.tomcat.util.net.NioEndpoint.bind(NioEndpoint.java:210) ~[tomcat-embed-core-8.5.15.jar:8.5.15]
	at org.apache.tomcat.util.net.AbstractEndpoint.start(AbstractEndpoint.java:978) ~[tomcat-embed-core-8.5.15.jar:8.5.15]
	at org.apache.coyote.AbstractProtocol.start(AbstractProtocol.java:628) ~[tomcat-embed-core-8.5.15.jar:8.5.15]
	at org.apache.catalina.connector.Connector.startInternal(Connector.java:1022) [tomcat-embed-core-8.5.15.jar:8.5.15]
	at org.apache.catalina.util.LifecycleBase.start(LifecycleBase.java:150) [tomcat-embed-core-8.5.15.jar:8.5.15]
	at org.apache.catalina.core.StandardService.addConnector(StandardService.java:225) [tomcat-embed-core-8.5.15.jar:8.5.15]
	at org.springframework.boot.context.embedded.tomcat.TomcatEmbeddedServletContainer.addPreviouslyRemovedConnectors(TomcatEmbeddedServletContainer.java:250) [spring-boot-1.5.4.RELEASE.jar:1.5.4.RELEASE]
	at org.springframework.boot.context.embedded.tomcat.TomcatEmbeddedServletContainer.start(TomcatEmbeddedServletContainer.java:193) [spring-boot-1.5.4.RELEASE.jar:1.5.4.RELEASE]
	at org.springframework.boot.context.embedded.EmbeddedWebApplicationContext.startEmbeddedServletContainer(EmbeddedWebApplicationContext.java:297) [spring-boot-1.5.4.RELEASE.jar:1.5.4.RELEASE]
	at org.springframework.boot.context.embedded.EmbeddedWebApplicationContext.finishRefresh(EmbeddedWebApplicationContext.java:145) [spring-boot-1.5.4.RELEASE.jar:1.5.4.RELEASE]
	at org.springframework.context.support.AbstractApplicationContext.refresh(AbstractApplicationContext.java:546) [spring-context-4.3.9.RELEASE.jar:4.3.9.RELEASE]
	at org.springframework.boot.context.embedded.EmbeddedWebApplicationContext.refresh(EmbeddedWebApplicationContext.java:122) [spring-boot-1.5.4.RELEASE.jar:1.5.4.RELEASE]
	at org.springframework.boot.SpringApplication.refresh(SpringApplication.java:693) [spring-boot-1.5.4.RELEASE.jar:1.5.4.RELEASE]
	at org.springframework.boot.SpringApplication.refreshContext(SpringApplication.java:360) [spring-boot-1.5.4.RELEASE.jar:1.5.4.RELEASE]
	at org.springframework.boot.SpringApplication.run(SpringApplication.java:303) [spring-boot-1.5.4.RELEASE.jar:1.5.4.RELEASE]
	at org.springframework.boot.builder.SpringApplicationBuilder.run(SpringApplicationBuilder.java:134) [spring-boot-1.5.4.RELEASE.jar:1.5.4.RELEASE]
	at com.didispace.Application.main(Application.java:12) [classes/:na]

2020-12-07 23:04:23.607 ERROR 14552 --- [main] o.apache.catalina.core.StandardService   : Failed to start connector [Connector[HTTP/1.1-2001]]

org.apache.catalina.LifecycleException: Failed to start component [Connector[HTTP/1.1-2001]]
	at org.apache.catalina.util.LifecycleBase.start(LifecycleBase.java:167) ~[tomcat-embed-core-8.5.15.jar:8.5.15]
	at org.apache.catalina.core.StandardService.addConnector(StandardService.java:225) ~[tomcat-embed-core-8.5.15.jar:8.5.15]
	at org.springframework.boot.context.embedded.tomcat.TomcatEmbeddedServletContainer.addPreviouslyRemovedConnectors(TomcatEmbeddedServletContainer.java:250) [spring-boot-1.5.4.RELEASE.jar:1.5.4.RELEASE]
	at org.springframework.boot.context.embedded.tomcat.TomcatEmbeddedServletContainer.start(TomcatEmbeddedServletContainer.java:193) [spring-boot-1.5.4.RELEASE.jar:1.5.4.RELEASE]
	at org.springframework.boot.context.embedded.EmbeddedWebApplicationContext.startEmbeddedServletContainer(EmbeddedWebApplicationContext.java:297) [spring-boot-1.5.4.RELEASE.jar:1.5.4.RELEASE]
	at org.springframework.boot.context.embedded.EmbeddedWebApplicationContext.finishRefresh(EmbeddedWebApplicationContext.java:145) [spring-boot-1.5.4.RELEASE.jar:1.5.4.RELEASE]
	at org.springframework.context.support.AbstractApplicationContext.refresh(AbstractApplicationContext.java:546) [spring-context-4.3.9.RELEASE.jar:4.3.9.RELEASE]
	at org.springframework.boot.context.embedded.EmbeddedWebApplicationContext.refresh(EmbeddedWebApplicationContext.java:122) [spring-boot-1.5.4.RELEASE.jar:1.5.4.RELEASE]
	at org.springframework.boot.SpringApplication.refresh(SpringApplication.java:693) [spring-boot-1.5.4.RELEASE.jar:1.5.4.RELEASE]
	at org.springframework.boot.SpringApplication.refreshContext(SpringApplication.java:360) [spring-boot-1.5.4.RELEASE.jar:1.5.4.RELEASE]
	at org.springframework.boot.SpringApplication.run(SpringApplication.java:303) [spring-boot-1.5.4.RELEASE.jar:1.5.4.RELEASE]
	at org.springframework.boot.builder.SpringApplicationBuilder.run(SpringApplicationBuilder.java:134) [spring-boot-1.5.4.RELEASE.jar:1.5.4.RELEASE]
	at com.didispace.Application.main(Application.java:12) [classes/:na]
Caused by: org.apache.catalina.LifecycleException: service.getName(): "Tomcat";  Protocol handler start failed
	at org.apache.catalina.connector.Connector.startInternal(Connector.java:1029) ~[tomcat-embed-core-8.5.15.jar:8.5.15]
	at org.apache.catalina.util.LifecycleBase.start(LifecycleBase.java:150) ~[tomcat-embed-core-8.5.15.jar:8.5.15]
	... 12 common frames omitted
Caused by: java.net.BindException: Address already in use: bind
	at sun.nio.ch.Net.bind0(Native Method) ~[na:1.8.0_221]
	at sun.nio.ch.Net.bind(Net.java:433) ~[na:1.8.0_221]
	at sun.nio.ch.Net.bind(Net.java:425) ~[na:1.8.0_221]
	at sun.nio.ch.ServerSocketChannelImpl.bind(ServerSocketChannelImpl.java:223) ~[na:1.8.0_221]
	at sun.nio.ch.ServerSocketAdaptor.bind(ServerSocketAdaptor.java:74) ~[na:1.8.0_221]
	at org.apache.tomcat.util.net.NioEndpoint.bind(NioEndpoint.java:210) ~[tomcat-embed-core-8.5.15.jar:8.5.15]
	at org.apache.tomcat.util.net.AbstractEndpoint.start(AbstractEndpoint.java:978) ~[tomcat-embed-core-8.5.15.jar:8.5.15]
	at org.apache.coyote.AbstractProtocol.start(AbstractProtocol.java:628) ~[tomcat-embed-core-8.5.15.jar:8.5.15]
	at org.apache.catalina.connector.Connector.startInternal(Connector.java:1022) ~[tomcat-embed-core-8.5.15.jar:8.5.15]
	... 13 common frames omitted

2020-12-07 23:04:23.612  INFO 14552 --- [main] o.apache.catalina.core.StandardService   : Stopping service [Tomcat]
2020-12-07 23:04:23.618  INFO 14552 --- [main] utoConfigurationReportLoggingInitializer : 

Error starting ApplicationContext. To display the auto-configuration report re-run your application with 'debug' enabled.
2020-12-07 23:04:23.629 ERROR 14552 --- [main] o.s.b.d.LoggingFailureAnalysisReporter   : 

***************************
APPLICATION FAILED TO START
***************************

Description:

The Tomcat connector configured to listen on port 2001 failed to start. The port may already be in use or the connector may be misconfigured.

Action:

Verify the connector's configuration, identify and stop any process that's listening on port 2001, or configure this application to listen on another port.

2020-12-07 23:04:23.629  INFO 14552 --- [main] ationConfigEmbeddedWebApplicationContext : Closing org.springframework.boot.context.embedded.AnnotationConfigEmbeddedWebApplicationContext@600b90df: startup date [Mon Dec 07 23:04:20 CST 2020]; parent: org.springframework.context.annotation.AnnotationConfigApplicationContext@1b1473ab
2020-12-07 23:04:23.631  INFO 14552 --- [main] o.s.c.n.e.s.EurekaServiceRegistry        : Unregistering application eureka-client with eureka with status DOWN
2020-12-07 23:04:23.631  WARN 14552 --- [main] com.netflix.discovery.DiscoveryClient    : Saw local status change event StatusChangeEvent [timestamp=1607353463631, current=DOWN, previous=UP]
2020-12-07 23:04:23.631  INFO 14552 --- [main] com.netflix.discovery.DiscoveryClient    : Shutting down DiscoveryClient ...
2020-12-07 23:04:23.631  INFO 14552 --- [main] com.netflix.discovery.DiscoveryClient    : Unregistering ...
2020-12-07 23:04:23.639  INFO 14552 --- [main] com.netflix.discovery.DiscoveryClient    : DiscoveryClient_EUREKA-CLIENT/DESKTOP-7Q78BMG:eureka-client:2001 - deregister  status: 404
2020-12-07 23:04:23.645  INFO 14552 --- [main] com.netflix.discovery.DiscoveryClient    : Completed shut down of DiscoveryClient
2020-12-07 23:04:23.647  INFO 14552 --- [main] o.s.c.support.DefaultLifecycleProcessor  : Stopping beans in phase 0
2020-12-07 23:04:23.649  INFO 14552 --- [main] o.s.j.e.a.AnnotationMBeanExporter        : Unregistering JMX-exposed beans on shutdown
2020-12-07 23:04:23.649  INFO 14552 --- [main] o.s.j.e.a.AnnotationMBeanExporter        : Unregistering JMX-exposed beans
2020-12-07 23:23:45.787  INFO 15528 --- [main] com.didispace.Application                : No active profile set, falling back to default profiles: default
2020-12-07 23:23:45.796  INFO 15528 --- [main] ationConfigEmbeddedWebApplicationContext : Refreshing org.springframework.boot.context.embedded.AnnotationConfigEmbeddedWebApplicationContext@600b90df: startup date [Mon Dec 07 23:23:45 CST 2020]; parent: org.springframework.context.annotation.AnnotationConfigApplicationContext@1b1473ab
2020-12-07 23:23:46.180  INFO 15528 --- [main] o.s.cloud.context.scope.GenericScope     : BeanFactory id=6bac0507-68ea-36b6-adfc-3d5a14810ad1
2020-12-07 23:23:46.192  INFO 15528 --- [main] f.a.AutowiredAnnotationBeanPostProcessor : JSR-330 'javax.inject.Inject' annotation found and supported for autowiring
2020-12-07 23:23:46.235  INFO 15528 --- [main] trationDelegate$BeanPostProcessorChecker : Bean 'org.springframework.cloud.autoconfigure.ConfigurationPropertiesRebinderAutoConfiguration' of type [org.springframework.cloud.autoconfigure.ConfigurationPropertiesRebinderAutoConfiguration$$EnhancerBySpringCGLIB$$1583c6a6] is not eligible for getting processed by all BeanPostProcessors (for example: not eligible for auto-proxying)
2020-12-07 23:23:46.440  INFO 15528 --- [main] s.b.c.e.t.TomcatEmbeddedServletContainer : Tomcat initialized with port(s): 2002 (http)
2020-12-07 23:23:46.446  INFO 15528 --- [main] o.apache.catalina.core.StandardService   : Starting service [Tomcat]
2020-12-07 23:23:46.447  INFO 15528 --- [main] org.apache.catalina.core.StandardEngine  : Starting Servlet Engine: Apache Tomcat/8.5.15
2020-12-07 23:23:46.551  INFO 15528 --- [localhost-startStop-1] o.a.c.c.C.[Tomcat].[localhost].[/]       : Initializing Spring embedded WebApplicationContext
2020-12-07 23:23:46.551  INFO 15528 --- [localhost-startStop-1] o.s.web.context.ContextLoader            : Root WebApplicationContext: initialization completed in 755 ms
2020-12-07 23:23:46.656  INFO 15528 --- [localhost-startStop-1] o.s.b.w.servlet.ServletRegistrationBean  : Mapping servlet: 'dispatcherServlet' to [/]
2020-12-07 23:23:46.659  INFO 15528 --- [localhost-startStop-1] o.s.b.w.servlet.FilterRegistrationBean   : Mapping filter: 'characterEncodingFilter' to: [/*]
2020-12-07 23:23:46.659  INFO 15528 --- [localhost-startStop-1] o.s.b.w.servlet.FilterRegistrationBean   : Mapping filter: 'hiddenHttpMethodFilter' to: [/*]
2020-12-07 23:23:46.659  INFO 15528 --- [localhost-startStop-1] o.s.b.w.servlet.FilterRegistrationBean   : Mapping filter: 'httpPutFormContentFilter' to: [/*]
2020-12-07 23:23:46.659  INFO 15528 --- [localhost-startStop-1] o.s.b.w.servlet.FilterRegistrationBean   : Mapping filter: 'requestContextFilter' to: [/*]
2020-12-07 23:23:47.444  INFO 15528 --- [main] s.w.s.m.m.a.RequestMappingHandlerAdapter : Looking for @ControllerAdvice: org.springframework.boot.context.embedded.AnnotationConfigEmbeddedWebApplicationContext@600b90df: startup date [Mon Dec 07 23:23:45 CST 2020]; parent: org.springframework.context.annotation.AnnotationConfigApplicationContext@1b1473ab
2020-12-07 23:23:47.482  INFO 15528 --- [main] s.w.s.m.m.a.RequestMappingHandlerMapping : Mapped "{[/dc],methods=[GET]}" onto public java.lang.String com.didispace.DcController.dc()
2020-12-07 23:23:47.485  INFO 15528 --- [main] s.w.s.m.m.a.RequestMappingHandlerMapping : Mapped "{[/error]}" onto public org.springframework.http.ResponseEntity<java.util.Map<java.lang.String, java.lang.Object>> org.springframework.boot.autoconfigure.web.BasicErrorController.error(javax.servlet.http.HttpServletRequest)
2020-12-07 23:23:47.486  INFO 15528 --- [main] s.w.s.m.m.a.RequestMappingHandlerMapping : Mapped "{[/error],produces=[text/html]}" onto public org.springframework.web.servlet.ModelAndView org.springframework.boot.autoconfigure.web.BasicErrorController.errorHtml(javax.servlet.http.HttpServletRequest,javax.servlet.http.HttpServletResponse)
2020-12-07 23:23:47.504  INFO 15528 --- [main] o.s.w.s.handler.SimpleUrlHandlerMapping  : Mapped URL path [/webjars/**] onto handler of type [class org.springframework.web.servlet.resource.ResourceHttpRequestHandler]
2020-12-07 23:23:47.504  INFO 15528 --- [main] o.s.w.s.handler.SimpleUrlHandlerMapping  : Mapped URL path [/**] onto handler of type [class org.springframework.web.servlet.resource.ResourceHttpRequestHandler]
2020-12-07 23:23:47.528  INFO 15528 --- [main] o.s.w.s.handler.SimpleUrlHandlerMapping  : Mapped URL path [/**/favicon.ico] onto handler of type [class org.springframework.web.servlet.resource.ResourceHttpRequestHandler]
2020-12-07 23:23:47.696  WARN 15528 --- [main] c.n.c.sources.URLConfigurationSource     : No URLs will be polled as dynamic configuration sources.
2020-12-07 23:23:47.696  INFO 15528 --- [main] c.n.c.sources.URLConfigurationSource     : To enable URLs as dynamic configuration sources, define System property archaius.configurationSource.additionalUrls or make config.properties available on classpath.
2020-12-07 23:23:47.699  WARN 15528 --- [main] c.n.c.sources.URLConfigurationSource     : No URLs will be polled as dynamic configuration sources.
2020-12-07 23:23:47.699  INFO 15528 --- [main] c.n.c.sources.URLConfigurationSource     : To enable URLs as dynamic configuration sources, define System property archaius.configurationSource.additionalUrls or make config.properties available on classpath.
2020-12-07 23:23:47.735  INFO 15528 --- [main] o.s.j.e.a.AnnotationMBeanExporter        : Registering beans for JMX exposure on startup
2020-12-07 23:23:47.741  INFO 15528 --- [main] o.s.j.e.a.AnnotationMBeanExporter        : Bean with name 'environmentManager' has been autodetected for JMX exposure
2020-12-07 23:23:47.741  INFO 15528 --- [main] o.s.j.e.a.AnnotationMBeanExporter        : Bean with name 'configurationPropertiesRebinder' has been autodetected for JMX exposure
2020-12-07 23:23:47.742  INFO 15528 --- [main] o.s.j.e.a.AnnotationMBeanExporter        : Bean with name 'refreshScope' has been autodetected for JMX exposure
2020-12-07 23:23:47.743  INFO 15528 --- [main] o.s.j.e.a.AnnotationMBeanExporter        : Located managed bean 'environmentManager': registering with JMX server as MBean [org.springframework.cloud.context.environment:name=environmentManager,type=EnvironmentManager]
2020-12-07 23:23:47.751  INFO 15528 --- [main] o.s.j.e.a.AnnotationMBeanExporter        : Located managed bean 'refreshScope': registering with JMX server as MBean [org.springframework.cloud.context.scope.refresh:name=refreshScope,type=RefreshScope]
2020-12-07 23:23:47.757  INFO 15528 --- [main] o.s.j.e.a.AnnotationMBeanExporter        : Located managed bean 'configurationPropertiesRebinder': registering with JMX server as MBean [org.springframework.cloud.context.properties:name=configurationPropertiesRebinder,context=600b90df,type=ConfigurationPropertiesRebinder]
2020-12-07 23:23:47.831  INFO 15528 --- [main] o.s.c.support.DefaultLifecycleProcessor  : Starting beans in phase 0
2020-12-07 23:23:47.836  INFO 15528 --- [main] o.s.c.n.eureka.InstanceInfoFactory       : Setting initial instance status as: STARTING
2020-12-07 23:23:47.862  INFO 15528 --- [main] com.netflix.discovery.DiscoveryClient    : Initializing Eureka in region us-east-1
2020-12-07 23:23:48.405  INFO 15528 --- [main] c.n.d.provider.DiscoveryJerseyProvider   : Using JSON encoding codec LegacyJacksonJson
2020-12-07 23:23:48.405  INFO 15528 --- [main] c.n.d.provider.DiscoveryJerseyProvider   : Using JSON decoding codec LegacyJacksonJson
2020-12-07 23:23:48.471  INFO 15528 --- [main] c.n.d.provider.DiscoveryJerseyProvider   : Using XML encoding codec XStreamXml
2020-12-07 23:23:48.471  INFO 15528 --- [main] c.n.d.provider.DiscoveryJerseyProvider   : Using XML decoding codec XStreamXml
2020-12-07 23:23:48.596  INFO 15528 --- [main] c.n.d.s.r.aws.ConfigClusterResolver      : Resolving eureka endpoints via configuration
2020-12-07 23:23:49.047  INFO 15528 --- [main] com.netflix.discovery.DiscoveryClient    : Disable delta property : false
2020-12-07 23:23:49.047  INFO 15528 --- [main] com.netflix.discovery.DiscoveryClient    : Single vip registry refresh property : null
2020-12-07 23:23:49.047  INFO 15528 --- [main] com.netflix.discovery.DiscoveryClient    : Force full registry fetch : false
2020-12-07 23:23:49.047  INFO 15528 --- [main] com.netflix.discovery.DiscoveryClient    : Application is null : false
2020-12-07 23:23:49.047  INFO 15528 --- [main] com.netflix.discovery.DiscoveryClient    : Registered Applications size is zero : true
2020-12-07 23:23:49.047  INFO 15528 --- [main] com.netflix.discovery.DiscoveryClient    : Application version is -1: true
2020-12-07 23:23:49.047  INFO 15528 --- [main] com.netflix.discovery.DiscoveryClient    : Getting all instance registry info from the eureka server
2020-12-07 23:23:49.279  INFO 15528 --- [main] com.netflix.discovery.DiscoveryClient    : The response status is 200
2020-12-07 23:23:49.280  INFO 15528 --- [main] com.netflix.discovery.DiscoveryClient    : Starting heartbeat executor: renew interval is: 30
2020-12-07 23:23:49.282  INFO 15528 --- [main] c.n.discovery.InstanceInfoReplicator     : InstanceInfoReplicator onDemand update allowed rate per min is 4
2020-12-07 23:23:49.283  INFO 15528 --- [main] com.netflix.discovery.DiscoveryClient    : Discovery Client initialized at timestamp 1607354629283 with initial instances count: 0
2020-12-07 23:23:49.295  INFO 15528 --- [main] o.s.c.n.e.s.EurekaServiceRegistry        : Registering application eureka-client with eureka with status UP
2020-12-07 23:23:49.296  INFO 15528 --- [main] com.netflix.discovery.DiscoveryClient    : Saw local status change event StatusChangeEvent [timestamp=1607354629296, current=UP, previous=STARTING]
2020-12-07 23:23:49.296  INFO 15528 --- [DiscoveryClient-InstanceInfoReplicator-0] com.netflix.discovery.DiscoveryClient    : DiscoveryClient_EUREKA-CLIENT/DESKTOP-7Q78BMG:eureka-client:2002: registering service...
2020-12-07 23:23:49.333  INFO 15528 --- [main] s.b.c.e.t.TomcatEmbeddedServletContainer : Tomcat started on port(s): 2002 (http)
2020-12-07 23:23:49.334  INFO 15528 --- [main] .s.c.n.e.s.EurekaAutoServiceRegistration : Updating port to 2002
2020-12-07 23:23:49.336  INFO 15528 --- [main] com.didispace.Application                : Started Application in 5.274 seconds (JVM running for 6.233)
2020-12-07 23:23:49.367  INFO 15528 --- [DiscoveryClient-InstanceInfoReplicator-0] com.netflix.discovery.DiscoveryClient    : DiscoveryClient_EUREKA-CLIENT/DESKTOP-7Q78BMG:eureka-client:2002 - registration status: 204
2020-12-07 23:23:55.061  INFO 15528 --- [http-nio-2002-exec-1] o.a.c.c.C.[Tomcat].[localhost].[/]       : Initializing Spring FrameworkServlet 'dispatcherServlet'
2020-12-07 23:23:55.061  INFO 15528 --- [http-nio-2002-exec-1] o.s.web.servlet.DispatcherServlet        : FrameworkServlet 'dispatcherServlet': initialization started
2020-12-07 23:23:55.078  INFO 15528 --- [http-nio-2002-exec-1] o.s.web.servlet.DispatcherServlet        : FrameworkServlet 'dispatcherServlet': initialization completed in 17 ms
2020-12-07 23:24:19.286  INFO 15528 --- [DiscoveryClient-CacheRefreshExecutor-0] com.netflix.discovery.DiscoveryClient    : Disable delta property : false
2020-12-07 23:24:19.287  INFO 15528 --- [DiscoveryClient-CacheRefreshExecutor-0] com.netflix.discovery.DiscoveryClient    : Single vip registry refresh property : null
2020-12-07 23:24:19.288  INFO 15528 --- [DiscoveryClient-CacheRefreshExecutor-0] com.netflix.discovery.DiscoveryClient    : Force full registry fetch : false
2020-12-07 23:24:19.288  INFO 15528 --- [DiscoveryClient-CacheRefreshExecutor-0] com.netflix.discovery.DiscoveryClient    : Application is null : false
2020-12-07 23:24:19.288  INFO 15528 --- [DiscoveryClient-CacheRefreshExecutor-0] com.netflix.discovery.DiscoveryClient    : Registered Applications size is zero : true
2020-12-07 23:24:19.288  INFO 15528 --- [DiscoveryClient-CacheRefreshExecutor-0] com.netflix.discovery.DiscoveryClient    : Application version is -1: false
2020-12-07 23:24:19.289  INFO 15528 --- [DiscoveryClient-CacheRefreshExecutor-0] com.netflix.discovery.DiscoveryClient    : Getting all instance registry info from the eureka server
2020-12-07 23:24:19.353  INFO 15528 --- [DiscoveryClient-CacheRefreshExecutor-0] com.netflix.discovery.DiscoveryClient    : The response status is 200
2020-12-07 23:25:41.643  INFO 15792 --- [main] com.didispace.Application                : No active profile set, falling back to default profiles: default
2020-12-07 23:25:41.652  INFO 15792 --- [main] ationConfigEmbeddedWebApplicationContext : Refreshing org.springframework.boot.context.embedded.AnnotationConfigEmbeddedWebApplicationContext@600b90df: startup date [Mon Dec 07 23:25:41 CST 2020]; parent: org.springframework.context.annotation.AnnotationConfigApplicationContext@1b1473ab
2020-12-07 23:25:42.020  INFO 15792 --- [main] o.s.cloud.context.scope.GenericScope     : BeanFactory id=6bac0507-68ea-36b6-adfc-3d5a14810ad1
2020-12-07 23:25:42.031  INFO 15792 --- [main] f.a.AutowiredAnnotationBeanPostProcessor : JSR-330 'javax.inject.Inject' annotation found and supported for autowiring
2020-12-07 23:25:42.066  INFO 15792 --- [main] trationDelegate$BeanPostProcessorChecker : Bean 'org.springframework.cloud.autoconfigure.ConfigurationPropertiesRebinderAutoConfiguration' of type [org.springframework.cloud.autoconfigure.ConfigurationPropertiesRebinderAutoConfiguration$$EnhancerBySpringCGLIB$$1583c6a6] is not eligible for getting processed by all BeanPostProcessors (for example: not eligible for auto-proxying)
2020-12-07 23:25:42.243  INFO 15792 --- [main] s.b.c.e.t.TomcatEmbeddedServletContainer : Tomcat initialized with port(s): 2002 (http)
2020-12-07 23:25:42.249  INFO 15792 --- [main] o.apache.catalina.core.StandardService   : Starting service [Tomcat]
2020-12-07 23:25:42.250  INFO 15792 --- [main] org.apache.catalina.core.StandardEngine  : Starting Servlet Engine: Apache Tomcat/8.5.15
2020-12-07 23:25:42.349  INFO 15792 --- [localhost-startStop-1] o.a.c.c.C.[Tomcat].[localhost].[/]       : Initializing Spring embedded WebApplicationContext
2020-12-07 23:25:42.349  INFO 15792 --- [localhost-startStop-1] o.s.web.context.ContextLoader            : Root WebApplicationContext: initialization completed in 697 ms
2020-12-07 23:25:42.452  INFO 15792 --- [localhost-startStop-1] o.s.b.w.servlet.ServletRegistrationBean  : Mapping servlet: 'dispatcherServlet' to [/]
2020-12-07 23:25:42.455  INFO 15792 --- [localhost-startStop-1] o.s.b.w.servlet.FilterRegistrationBean   : Mapping filter: 'characterEncodingFilter' to: [/*]
2020-12-07 23:25:42.455  INFO 15792 --- [localhost-startStop-1] o.s.b.w.servlet.FilterRegistrationBean   : Mapping filter: 'hiddenHttpMethodFilter' to: [/*]
2020-12-07 23:25:42.455  INFO 15792 --- [localhost-startStop-1] o.s.b.w.servlet.FilterRegistrationBean   : Mapping filter: 'httpPutFormContentFilter' to: [/*]
2020-12-07 23:25:42.455  INFO 15792 --- [localhost-startStop-1] o.s.b.w.servlet.FilterRegistrationBean   : Mapping filter: 'requestContextFilter' to: [/*]
2020-12-07 23:25:43.248  INFO 15792 --- [main] s.w.s.m.m.a.RequestMappingHandlerAdapter : Looking for @ControllerAdvice: org.springframework.boot.context.embedded.AnnotationConfigEmbeddedWebApplicationContext@600b90df: startup date [Mon Dec 07 23:25:41 CST 2020]; parent: org.springframework.context.annotation.AnnotationConfigApplicationContext@1b1473ab
2020-12-07 23:25:43.283  INFO 15792 --- [main] s.w.s.m.m.a.RequestMappingHandlerMapping : Mapped "{[/dc],methods=[GET]}" onto public java.lang.String com.didispace.DcController.dc()
2020-12-07 23:25:43.286  INFO 15792 --- [main] s.w.s.m.m.a.RequestMappingHandlerMapping : Mapped "{[/error]}" onto public org.springframework.http.ResponseEntity<java.util.Map<java.lang.String, java.lang.Object>> org.springframework.boot.autoconfigure.web.BasicErrorController.error(javax.servlet.http.HttpServletRequest)
2020-12-07 23:25:43.287  INFO 15792 --- [main] s.w.s.m.m.a.RequestMappingHandlerMapping : Mapped "{[/error],produces=[text/html]}" onto public org.springframework.web.servlet.ModelAndView org.springframework.boot.autoconfigure.web.BasicErrorController.errorHtml(javax.servlet.http.HttpServletRequest,javax.servlet.http.HttpServletResponse)
2020-12-07 23:25:43.304  INFO 15792 --- [main] o.s.w.s.handler.SimpleUrlHandlerMapping  : Mapped URL path [/webjars/**] onto handler of type [class org.springframework.web.servlet.resource.ResourceHttpRequestHandler]
2020-12-07 23:25:43.304  INFO 15792 --- [main] o.s.w.s.handler.SimpleUrlHandlerMapping  : Mapped URL path [/**] onto handler of type [class org.springframework.web.servlet.resource.ResourceHttpRequestHandler]
2020-12-07 23:25:43.326  INFO 15792 --- [main] o.s.w.s.handler.SimpleUrlHandlerMapping  : Mapped URL path [/**/favicon.ico] onto handler of type [class org.springframework.web.servlet.resource.ResourceHttpRequestHandler]
2020-12-07 23:25:43.492  WARN 15792 --- [main] c.n.c.sources.URLConfigurationSource     : No URLs will be polled as dynamic configuration sources.
2020-12-07 23:25:43.492  INFO 15792 --- [main] c.n.c.sources.URLConfigurationSource     : To enable URLs as dynamic configuration sources, define System property archaius.configurationSource.additionalUrls or make config.properties available on classpath.
2020-12-07 23:25:43.495  WARN 15792 --- [main] c.n.c.sources.URLConfigurationSource     : No URLs will be polled as dynamic configuration sources.
2020-12-07 23:25:43.495  INFO 15792 --- [main] c.n.c.sources.URLConfigurationSource     : To enable URLs as dynamic configuration sources, define System property archaius.configurationSource.additionalUrls or make config.properties available on classpath.
2020-12-07 23:25:43.529  INFO 15792 --- [main] o.s.j.e.a.AnnotationMBeanExporter        : Registering beans for JMX exposure on startup
2020-12-07 23:25:43.534  INFO 15792 --- [main] o.s.j.e.a.AnnotationMBeanExporter        : Bean with name 'environmentManager' has been autodetected for JMX exposure
2020-12-07 23:25:43.535  INFO 15792 --- [main] o.s.j.e.a.AnnotationMBeanExporter        : Bean with name 'configurationPropertiesRebinder' has been autodetected for JMX exposure
2020-12-07 23:25:43.535  INFO 15792 --- [main] o.s.j.e.a.AnnotationMBeanExporter        : Bean with name 'refreshScope' has been autodetected for JMX exposure
2020-12-07 23:25:43.537  INFO 15792 --- [main] o.s.j.e.a.AnnotationMBeanExporter        : Located managed bean 'environmentManager': registering with JMX server as MBean [org.springframework.cloud.context.environment:name=environmentManager,type=EnvironmentManager]
2020-12-07 23:25:43.545  INFO 15792 --- [main] o.s.j.e.a.AnnotationMBeanExporter        : Located managed bean 'refreshScope': registering with JMX server as MBean [org.springframework.cloud.context.scope.refresh:name=refreshScope,type=RefreshScope]
2020-12-07 23:25:43.550  INFO 15792 --- [main] o.s.j.e.a.AnnotationMBeanExporter        : Located managed bean 'configurationPropertiesRebinder': registering with JMX server as MBean [org.springframework.cloud.context.properties:name=configurationPropertiesRebinder,context=600b90df,type=ConfigurationPropertiesRebinder]
2020-12-07 23:25:43.613  INFO 15792 --- [main] o.s.c.support.DefaultLifecycleProcessor  : Starting beans in phase 0
2020-12-07 23:25:43.618  INFO 15792 --- [main] o.s.c.n.eureka.InstanceInfoFactory       : Setting initial instance status as: STARTING
2020-12-07 23:25:43.642  INFO 15792 --- [main] com.netflix.discovery.DiscoveryClient    : Initializing Eureka in region us-east-1
2020-12-07 23:25:44.217  INFO 15792 --- [main] c.n.d.provider.DiscoveryJerseyProvider   : Using JSON encoding codec LegacyJacksonJson
2020-12-07 23:25:44.217  INFO 15792 --- [main] c.n.d.provider.DiscoveryJerseyProvider   : Using JSON decoding codec LegacyJacksonJson
2020-12-07 23:25:44.282  INFO 15792 --- [main] c.n.d.provider.DiscoveryJerseyProvider   : Using XML encoding codec XStreamXml
2020-12-07 23:25:44.283  INFO 15792 --- [main] c.n.d.provider.DiscoveryJerseyProvider   : Using XML decoding codec XStreamXml
2020-12-07 23:25:44.404  INFO 15792 --- [main] c.n.d.s.r.aws.ConfigClusterResolver      : Resolving eureka endpoints via configuration
2020-12-07 23:25:44.813  INFO 15792 --- [main] com.netflix.discovery.DiscoveryClient    : Disable delta property : false
2020-12-07 23:25:44.813  INFO 15792 --- [main] com.netflix.discovery.DiscoveryClient    : Single vip registry refresh property : null
2020-12-07 23:25:44.813  INFO 15792 --- [main] com.netflix.discovery.DiscoveryClient    : Force full registry fetch : false
2020-12-07 23:25:44.813  INFO 15792 --- [main] com.netflix.discovery.DiscoveryClient    : Application is null : false
2020-12-07 23:25:44.813  INFO 15792 --- [main] com.netflix.discovery.DiscoveryClient    : Registered Applications size is zero : true
2020-12-07 23:25:44.813  INFO 15792 --- [main] com.netflix.discovery.DiscoveryClient    : Application version is -1: true
2020-12-07 23:25:44.813  INFO 15792 --- [main] com.netflix.discovery.DiscoveryClient    : Getting all instance registry info from the eureka server
2020-12-07 23:25:45.042  INFO 15792 --- [main] com.netflix.discovery.DiscoveryClient    : The response status is 200
2020-12-07 23:25:45.043  INFO 15792 --- [main] com.netflix.discovery.DiscoveryClient    : Starting heartbeat executor: renew interval is: 30
2020-12-07 23:25:45.044  INFO 15792 --- [main] c.n.discovery.InstanceInfoReplicator     : InstanceInfoReplicator onDemand update allowed rate per min is 4
2020-12-07 23:25:45.046  INFO 15792 --- [main] com.netflix.discovery.DiscoveryClient    : Discovery Client initialized at timestamp 1607354745046 with initial instances count: 0
2020-12-07 23:25:45.058  INFO 15792 --- [main] o.s.c.n.e.s.EurekaServiceRegistry        : Registering application eureka-client with eureka with status UP
2020-12-07 23:25:45.058  INFO 15792 --- [main] com.netflix.discovery.DiscoveryClient    : Saw local status change event StatusChangeEvent [timestamp=1607354745058, current=UP, previous=STARTING]
2020-12-07 23:25:45.059  INFO 15792 --- [DiscoveryClient-InstanceInfoReplicator-0] com.netflix.discovery.DiscoveryClient    : DiscoveryClient_EUREKA-CLIENT/DESKTOP-7Q78BMG:eureka-client:2002: registering service...
2020-12-07 23:25:45.099  INFO 15792 --- [main] s.b.c.e.t.TomcatEmbeddedServletContainer : Tomcat started on port(s): 2002 (http)
2020-12-07 23:25:45.100  INFO 15792 --- [main] .s.c.n.e.s.EurekaAutoServiceRegistration : Updating port to 2002
2020-12-07 23:25:45.102  INFO 15792 --- [main] com.didispace.Application                : Started Application in 5.151 seconds (JVM running for 6.127)
2020-12-07 23:25:45.139  INFO 15792 --- [DiscoveryClient-InstanceInfoReplicator-0] com.netflix.discovery.DiscoveryClient    : DiscoveryClient_EUREKA-CLIENT/DESKTOP-7Q78BMG:eureka-client:2002 - registration status: 204
2020-12-07 23:25:55.345  INFO 15792 --- [http-nio-2002-exec-1] o.a.c.c.C.[Tomcat].[localhost].[/]       : Initializing Spring FrameworkServlet 'dispatcherServlet'
2020-12-07 23:25:55.345  INFO 15792 --- [http-nio-2002-exec-1] o.s.web.servlet.DispatcherServlet        : FrameworkServlet 'dispatcherServlet': initialization started
2020-12-07 23:25:55.363  INFO 15792 --- [http-nio-2002-exec-1] o.s.web.servlet.DispatcherServlet        : FrameworkServlet 'dispatcherServlet': initialization completed in 18 ms
